#
# There is insufficient memory for the Java Runtime Environment to continue.
# Native memory allocation (malloc) failed to allocate 1187856 bytes. Error detail: Chunk::new
# Possible reasons:
#   The system is out of physical RAM or swap space
#   This process is running with CompressedOops enabled, and the Java Heap may be blocking the growth of the native heap
# Possible solutions:
#   Reduce memory load on the system
#   Increase physical memory or swap space
#   Check if swap backing store is full
#   Decrease Java heap size (-Xmx/-Xms)
#   Decrease number of Java threads
#   Decrease Java thread stack sizes (-Xss)
#   Set larger code cache with -XX:ReservedCodeCacheSize=
#   JVM is running with Unscaled Compressed Oops mode in which the Java heap is
#     placed in the first 4GB address space. The Java Heap base address is the
#     maximum limit for the native heap growth. Please use -XX:HeapBaseMinAddress
#     to set the Java Heap base and to place the Java Heap above 4GB virtual address.
# This output file may be truncated or incomplete.
#
#  Out of Memory Error (arena.cpp:191), pid=9420, tid=7340
#
# JRE version: OpenJDK Runtime Environment Microsoft-12574423 (17.0.17+10) (build 17.0.17+10-LTS)
# Java VM: OpenJDK 64-Bit Server VM Microsoft-12574423 (17.0.17+10-LTS, mixed mode, sharing, tiered, compressed oops, compressed class ptrs, g1 gc, windows-amd64)
# No core dump will be written. Minidumps are not enabled by default on client versions of Windows
#

---------------  S U M M A R Y ------------

Command Line: --module-path=C:\Users\HP\.m2\repository\org\openjfx\javafx-base\17.0.2\javafx-base-17.0.2-win.jar;C:\Users\HP\.m2\repository\org\openjfx\javafx-base\17.0.2\javafx-base-17.0.2.jar;C:\Users\HP\.m2\repository\org\openjfx\javafx-controls\17.0.2\javafx-controls-17.0.2-win.jar;C:\Users\HP\.m2\repository\org\openjfx\javafx-controls\17.0.2\javafx-controls-17.0.2.jar;C:\Users\HP\.m2\repository\org\openjfx\javafx-fxml\17.0.2\javafx-fxml-17.0.2-win.jar;C:\Users\HP\.m2\repository\org\openjfx\javafx-fxml\17.0.2\javafx-fxml-17.0.2.jar;C:\Users\HP\.m2\repository\org\openjfx\javafx-graphics\17.0.2\javafx-graphics-17.0.2-win.jar;C:\Users\HP\.m2\repository\org\openjfx\javafx-graphics\17.0.2\javafx-graphics-17.0.2.jar --add-modules=javafx.base,javafx.controls,javafx.fxml,javafx.graphics tech.HTECH.ui.AppJavaFX

Host: Intel(R) Core(TM) i5-1035G1 CPU @ 1.00GHz, 8 cores, 7G,  Windows 11 , 64 bit Build 22621 (10.0.22621.3235)
Time: Fri Jan 30 03:35:18 2026 Afr. centrale Ouest elapsed time: 13.699157 seconds (0d 0h 0m 13s)

---------------  T H R E A D  ---------------

Current thread (0x000002d4e90050b0):  JavaThread "C2 CompilerThread0" daemon [_thread_in_native, id=7340, stack(0x000000eeff800000,0x000000eeff900000)]


Current CompileTask:
C2:13699 3902       4       com.sun.marlin.Renderer::_endRendering (2473 bytes)

Stack: [0x000000eeff800000,0x000000eeff900000]
Native frames: (J=compiled Java code, j=interpreted, Vv=VM code, C=native code)
V  [jvm.dll+0x68c459]  (no source info available)
V  [jvm.dll+0x845e09]  (no source info available)
V  [jvm.dll+0x847b78]  (no source info available)
V  [jvm.dll+0x848203]  (no source info available)
V  [jvm.dll+0x24cf6f]  (no source info available)
V  [jvm.dll+0xaecb6]  (no source info available)
V  [jvm.dll+0xaf35c]  (no source info available)
V  [jvm.dll+0x37152f]  (no source info available)
V  [jvm.dll+0x1c0703]  (no source info available)
V  [jvm.dll+0x21e080]  (no source info available)
V  [jvm.dll+0x21d36d]  (no source info available)
V  [jvm.dll+0x1a8ce6]  (no source info available)
V  [jvm.dll+0x22db1b]  (no source info available)
V  [jvm.dll+0x22bca6]  (no source info available)
V  [jvm.dll+0x7fb65b]  (no source info available)
V  [jvm.dll+0x7f5a5c]  (no source info available)
V  [jvm.dll+0x68d9f7]  (no source info available)
C  [ucrtbase.dll+0x29363]  (no source info available)
C  [KERNEL32.DLL+0x1257d]  (no source info available)
C  [ntdll.dll+0x5aa58]  (no source info available)


---------------  P R O C E S S  ---------------

Threads class SMR info:
_java_thread_list=0x000002d4ef7bdd00, length=28, elements={
0x000002d4839ceac0, 0x000002d4a3e85310, 0x000002d4a3e85ed0, 0x000002d4a3e9aeb0,
0x000002d4a3e9d880, 0x000002d4a3e9e450, 0x000002d4e9002090, 0x000002d4e90050b0,
0x000002d4e900dac0, 0x000002d4e90339e0, 0x000002d4e91520b0, 0x000002d4e9434df0,
0x000002d4e9888e20, 0x000002d4e98f8c30, 0x000002d4e994a610, 0x000002d4e9af5700,
0x000002d4e9aacac0, 0x000002d4efce60e0, 0x000002d4f0390b20, 0x000002d4ef4146a0,
0x000002d4eefe0b80, 0x000002d4eefe3400, 0x000002d4eefe15a0, 0x000002d4eefe0160,
0x000002d4eefe3910, 0x000002d4eefe1ab0, 0x000002d4eefe24d0, 0x000002d4eefe0670
}

Java Threads: ( => current thread )
  0x000002d4839ceac0 JavaThread "main" [_thread_blocked, id=5820, stack(0x000000eefeb00000,0x000000eefec00000)]
  0x000002d4a3e85310 JavaThread "Reference Handler" daemon [_thread_blocked, id=23308, stack(0x000000eeff200000,0x000000eeff300000)]
  0x000002d4a3e85ed0 JavaThread "Finalizer" daemon [_thread_blocked, id=22964, stack(0x000000eeff300000,0x000000eeff400000)]
  0x000002d4a3e9aeb0 JavaThread "Signal Dispatcher" daemon [_thread_blocked, id=23116, stack(0x000000eeff400000,0x000000eeff500000)]
  0x000002d4a3e9d880 JavaThread "Attach Listener" daemon [_thread_blocked, id=4796, stack(0x000000eeff500000,0x000000eeff600000)]
  0x000002d4a3e9e450 JavaThread "Service Thread" daemon [_thread_blocked, id=23500, stack(0x000000eeff600000,0x000000eeff700000)]
  0x000002d4e9002090 JavaThread "Monitor Deflation Thread" daemon [_thread_blocked, id=17552, stack(0x000000eeff700000,0x000000eeff800000)]
=>0x000002d4e90050b0 JavaThread "C2 CompilerThread0" daemon [_thread_in_native, id=7340, stack(0x000000eeff800000,0x000000eeff900000)]
  0x000002d4e900dac0 JavaThread "C1 CompilerThread0" daemon [_thread_blocked, id=24280, stack(0x000000eeff900000,0x000000eeffa00000)]
  0x000002d4e90339e0 JavaThread "Sweeper thread" daemon [_thread_blocked, id=24236, stack(0x000000eeffa00000,0x000000eeffb00000)]
  0x000002d4e91520b0 JavaThread "Common-Cleaner" daemon [_thread_blocked, id=15768, stack(0x000000eeffb00000,0x000000eeffc00000)]
  0x000002d4e9434df0 JavaThread "Notification Thread" daemon [_thread_blocked, id=6748, stack(0x000000eeffe00000,0x000000eefff00000)]
  0x000002d4e9888e20 JavaThread "QuantumRenderer-0" daemon [_thread_blocked, id=17720, stack(0x000000eeffd00000,0x000000eeffe00000)]
  0x000002d4e98f8c30 JavaThread "InvokeLaterDispatcher" daemon [_thread_blocked, id=5084, stack(0x000000ee80000000,0x000000ee80100000)]
  0x000002d4e994a610 JavaThread "JavaFX Application Thread" [_thread_in_native, id=19172, stack(0x000000ee80100000,0x000000ee80200000)]
  0x000002d4e9af5700 JavaThread "JavaFX-Launcher" [_thread_blocked, id=7820, stack(0x000000ee80600000,0x000000ee80700000)]
  0x000002d4e9aacac0 JavaThread "Thread-2" daemon [_thread_in_native, id=12740, stack(0x000000ee80500000,0x000000ee80600000)]
  0x000002d4efce60e0 JavaThread "Prism Font Disposer" daemon [_thread_blocked, id=10368, stack(0x000000ee80f00000,0x000000ee81000000)]
  0x000002d4f0390b20 JavaThread "Cleaner-0" daemon [_thread_blocked, id=9624, stack(0x000000ee81200000,0x000000ee81300000)]
  0x000002d4ef4146a0 JavaThread "JavaCPP Deallocator" daemon [_thread_blocked, id=6696, stack(0x000000ee81a00000,0x000000ee81b00000)]
  0x000002d4eefe0b80 JavaThread "pool-2-thread-1" [_thread_blocked, id=4924, stack(0x000000ee82c00000,0x000000ee82d00000)]
  0x000002d4eefe3400 JavaThread "pool-2-thread-2" [_thread_blocked, id=22952, stack(0x000000ee82d00000,0x000000ee82e00000)]
  0x000002d4eefe15a0 JavaThread "pool-2-thread-3" [_thread_blocked, id=20704, stack(0x000000ee82e00000,0x000000ee82f00000)]
  0x000002d4eefe0160 JavaThread "pool-2-thread-4" [_thread_blocked, id=23292, stack(0x000000ee82f00000,0x000000ee83000000)]
  0x000002d4eefe3910 JavaThread "pool-2-thread-5" [_thread_blocked, id=21088, stack(0x000000ee83000000,0x000000ee83100000)]
  0x000002d4eefe1ab0 JavaThread "pool-2-thread-6" [_thread_blocked, id=9484, stack(0x000000ee83100000,0x000000ee83200000)]
  0x000002d4eefe24d0 JavaThread "pool-2-thread-7" [_thread_blocked, id=13840, stack(0x000000ee83200000,0x000000ee83300000)]
  0x000002d4eefe0670 JavaThread "pool-2-thread-8" [_thread_blocked, id=13044, stack(0x000000ee83300000,0x000000ee83400000)]

Other Threads:
  0x000002d4a3e81dd0 VMThread "VM Thread" [stack: 0x000000eeff100000,0x000000eeff200000] [id=6296]
  0x000002d4e94266f0 WatcherThread [stack: 0x000000eefff00000,0x000000ef00000000] [id=11704]
  0x000002d485c41380 GCTaskThread "GC Thread#0" [stack: 0x000000eefec00000,0x000000eefed00000] [id=7356]
  0x000002d4e9aec720 GCTaskThread "GC Thread#1" [stack: 0x000000ee80700000,0x000000ee80800000] [id=15004]
  0x000002d4ee846c70 GCTaskThread "GC Thread#2" [stack: 0x000000ee80800000,0x000000ee80900000] [id=23948]
  0x000002d4e9b16cc0 GCTaskThread "GC Thread#3" [stack: 0x000000ee80900000,0x000000ee80a00000] [id=14244]
  0x000002d4e9954be0 GCTaskThread "GC Thread#4" [stack: 0x000000ee80a00000,0x000000ee80b00000] [id=17456]
  0x000002d4e9954370 GCTaskThread "GC Thread#5" [stack: 0x000000ee80b00000,0x000000ee80c00000] [id=23724]
  0x000002d4e99540a0 GCTaskThread "GC Thread#6" [stack: 0x000000ee81000000,0x000000ee81100000] [id=6428]
  0x000002d4e9954640 GCTaskThread "GC Thread#7" [stack: 0x000000ee81100000,0x000000ee81200000] [id=5552]
  0x000002d485c51c20 ConcurrentGCThread "G1 Main Marker" [stack: 0x000000eefed00000,0x000000eefee00000] [id=22984]
  0x000002d485c52640 ConcurrentGCThread "G1 Conc#0" [stack: 0x000000eefee00000,0x000000eefef00000] [id=9116]
  0x000002d4f01d05b0 ConcurrentGCThread "G1 Conc#1" [stack: 0x000000ee82200000,0x000000ee82300000] [id=10968]
  0x000002d485c7df00 ConcurrentGCThread "G1 Refine#0" [stack: 0x000000eefef00000,0x000000eeff000000] [id=4504]
  0x000002d485c7e940 ConcurrentGCThread "G1 Service" [stack: 0x000000eeff000000,0x000000eeff100000] [id=8400]

Threads with active compile tasks:
C2 CompilerThread0  14551 3902       4       com.sun.marlin.Renderer::_endRendering (2473 bytes)

VM state: not at safepoint (normal execution)

VM Mutex/Monitor currently owned by a thread: None

Heap address: 0x0000000083600000, size: 1994 MB, Compressed Oops mode: 32-bit

CDS archive(s) mapped at: [0x000002d4a4000000-0x000002d4a4bb0000-0x000002d4a4bb0000), size 12255232, SharedBaseAddress: 0x000002d4a4000000, ArchiveRelocationMode: 1.
Compressed class space mapped at: 0x000002d4a5000000-0x000002d4e5000000, reserved size: 1073741824
Narrow klass base: 0x000002d4a4000000, Narrow klass shift: 0, Narrow klass range: 0x100000000

GC Precious Log:
 CPUs: 8 total, 8 available
 Memory: 7973M
 Large Page Support: Disabled
 NUMA Support: Disabled
 Compressed Oops: Enabled (32-bit)
 Heap Region Size: 1M
 Heap Min Capacity: 8M
 Heap Initial Capacity: 126M
 Heap Max Capacity: 1994M
 Pre-touch: Disabled
 Parallel Workers: 8
 Concurrent Workers: 2
 Concurrent Refinement Workers: 8
 Periodic GC: Disabled

Heap:
 garbage-first heap   total 51200K, used 26373K [0x0000000083600000, 0x0000000100000000)
  region size 1024K, 4 young (4096K), 3 survivors (3072K)
 Metaspace       used 28106K, committed 28416K, reserved 1114112K
  class space    used 3253K, committed 3392K, reserved 1048576K

Heap Regions: E=young(eden), S=young(survivor), O=old, HS=humongous(starts), HC=humongous(continues), CS=collection set, F=free, OA=open archive, CA=closed archive, TAMS=top-at-mark-start (previous, next)
|   0|0x0000000083600000, 0x0000000083700000, 0x0000000083700000|100%| O|  |TAMS 0x0000000083700000, 0x0000000083600000| Untracked 
|   1|0x0000000083700000, 0x0000000083800000, 0x0000000083800000|100%| O|  |TAMS 0x0000000083800000, 0x0000000083700000| Untracked 
|   2|0x0000000083800000, 0x0000000083900000, 0x0000000083900000|100%| O|  |TAMS 0x0000000083900000, 0x0000000083800000| Untracked 
|   3|0x0000000083900000, 0x0000000083a00000, 0x0000000083a00000|100%| O|  |TAMS 0x0000000083a00000, 0x0000000083900000| Untracked 
|   4|0x0000000083a00000, 0x0000000083a00000, 0x0000000083b00000|  0%| F|  |TAMS 0x0000000083a00000, 0x0000000083a00000| Untracked 
|   5|0x0000000083b00000, 0x0000000083b00000, 0x0000000083c00000|  0%| F|  |TAMS 0x0000000083b00000, 0x0000000083b00000| Untracked 
|   6|0x0000000083c00000, 0x0000000083d00000, 0x0000000083d00000|100%| O|  |TAMS 0x0000000083d00000, 0x0000000083c00000| Untracked 
|   7|0x0000000083d00000, 0x0000000083e00000, 0x0000000083e00000|100%| O|  |TAMS 0x0000000083e00000, 0x0000000083d00000| Untracked 
|   8|0x0000000083e00000, 0x0000000083f00000, 0x0000000083f00000|100%| O|  |TAMS 0x0000000083f00000, 0x0000000083e00000| Untracked 
|   9|0x0000000083f00000, 0x0000000084000000, 0x0000000084000000|100%| O|  |TAMS 0x0000000084000000, 0x0000000083f00000| Untracked 
|  10|0x0000000084000000, 0x0000000084100000, 0x0000000084100000|100%| O|  |TAMS 0x0000000084100000, 0x0000000084000000| Untracked 
|  11|0x0000000084100000, 0x0000000084200000, 0x0000000084200000|100%| O|  |TAMS 0x0000000084200000, 0x0000000084100000| Untracked 
|  12|0x0000000084200000, 0x0000000084300000, 0x0000000084300000|100%| O|  |TAMS 0x0000000084300000, 0x0000000084200000| Untracked 
|  13|0x0000000084300000, 0x0000000084400000, 0x0000000084400000|100%| O|  |TAMS 0x0000000084400000, 0x0000000084300000| Untracked 
|  14|0x0000000084400000, 0x0000000084500000, 0x0000000084500000|100%| O|  |TAMS 0x0000000084500000, 0x0000000084400000| Untracked 
|  15|0x0000000084500000, 0x0000000084600000, 0x0000000084600000|100%| O|  |TAMS 0x0000000084600000, 0x0000000084500000| Complete 
|  16|0x0000000084600000, 0x0000000084700000, 0x0000000084700000|100%| O|  |TAMS 0x0000000084700000, 0x0000000084600000| Untracked 
|  17|0x0000000084700000, 0x0000000084800000, 0x0000000084800000|100%| O|  |TAMS 0x0000000084800000, 0x0000000084700000| Untracked 
|  18|0x0000000084800000, 0x0000000084900000, 0x0000000084900000|100%| O|  |TAMS 0x0000000084900000, 0x0000000084800000| Untracked 
|  19|0x0000000084900000, 0x0000000084a00000, 0x0000000084a00000|100%| O|  |TAMS 0x0000000084a00000, 0x0000000084900000| Untracked 
|  20|0x0000000084a00000, 0x0000000084b00000, 0x0000000084b00000|100%| O|  |TAMS 0x0000000084b00000, 0x0000000084a00000| Untracked 
|  21|0x0000000084b00000, 0x0000000084c00000, 0x0000000084c00000|100%| O|  |TAMS 0x0000000084c00000, 0x0000000084b00000| Untracked 
|  22|0x0000000084c00000, 0x0000000084c80a00, 0x0000000084d00000| 50%| O|  |TAMS 0x0000000084c00000, 0x0000000084c00000| Untracked 
|  23|0x0000000084d00000, 0x0000000084e00000, 0x0000000084e00000|100%| O|  |TAMS 0x0000000084dc0a00, 0x0000000084d00000| Untracked 
|  24|0x0000000084e00000, 0x0000000084f00000, 0x0000000084f00000|100%|HS|  |TAMS 0x0000000084e00000, 0x0000000084e00000| Complete 
|  25|0x0000000084f00000, 0x0000000085000000, 0x0000000085000000|100%|HC|  |TAMS 0x0000000084f00000, 0x0000000084f00000| Complete 
|  26|0x0000000085000000, 0x0000000085000000, 0x0000000085100000|  0%| F|  |TAMS 0x0000000085000000, 0x0000000085000000| Untracked 
|  27|0x0000000085100000, 0x0000000085100000, 0x0000000085200000|  0%| F|  |TAMS 0x0000000085100000, 0x0000000085100000| Untracked 
|  28|0x0000000085200000, 0x0000000085200000, 0x0000000085300000|  0%| F|  |TAMS 0x0000000085200000, 0x0000000085200000| Untracked 
|  29|0x0000000085300000, 0x0000000085300000, 0x0000000085400000|  0%| F|  |TAMS 0x0000000085300000, 0x0000000085300000| Untracked 
|  30|0x0000000085400000, 0x0000000085400000, 0x0000000085500000|  0%| F|  |TAMS 0x0000000085400000, 0x0000000085400000| Untracked 
|  31|0x0000000085500000, 0x0000000085500000, 0x0000000085600000|  0%| F|  |TAMS 0x0000000085500000, 0x0000000085500000| Untracked 
|  32|0x0000000085600000, 0x0000000085600000, 0x0000000085700000|  0%| F|  |TAMS 0x0000000085600000, 0x0000000085600000| Untracked 
|  33|0x0000000085700000, 0x0000000085700000, 0x0000000085800000|  0%| F|  |TAMS 0x0000000085700000, 0x0000000085700000| Untracked 
|  34|0x0000000085800000, 0x0000000085800000, 0x0000000085900000|  0%| F|  |TAMS 0x0000000085800000, 0x0000000085800000| Untracked 
|  35|0x0000000085900000, 0x0000000085900000, 0x0000000085a00000|  0%| F|  |TAMS 0x0000000085900000, 0x0000000085900000| Untracked 
|  36|0x0000000085a00000, 0x0000000085a00000, 0x0000000085b00000|  0%| F|  |TAMS 0x0000000085a00000, 0x0000000085a00000| Untracked 
|  37|0x0000000085b00000, 0x0000000085b00000, 0x0000000085c00000|  0%| F|  |TAMS 0x0000000085b00000, 0x0000000085b00000| Untracked 
|  38|0x0000000085c00000, 0x0000000085c00000, 0x0000000085d00000|  0%| F|  |TAMS 0x0000000085c00000, 0x0000000085c00000| Untracked 
|  39|0x0000000085d00000, 0x0000000085d40c68, 0x0000000085e00000| 25%| S|CS|TAMS 0x0000000085d00000, 0x0000000085d00000| Complete 
|  40|0x0000000085e00000, 0x0000000085f00000, 0x0000000085f00000|100%| S|CS|TAMS 0x0000000085e00000, 0x0000000085e00000| Complete 
|  41|0x0000000085f00000, 0x0000000086000000, 0x0000000086000000|100%| S|CS|TAMS 0x0000000085f00000, 0x0000000085f00000| Complete 
|  42|0x0000000086000000, 0x0000000086000000, 0x0000000086100000|  0%| F|  |TAMS 0x0000000086000000, 0x0000000086000000| Untracked 
|  43|0x0000000086100000, 0x0000000086100000, 0x0000000086200000|  0%| F|  |TAMS 0x0000000086100000, 0x0000000086100000| Untracked 
|  44|0x0000000086200000, 0x0000000086200000, 0x0000000086300000|  0%| F|  |TAMS 0x0000000086200000, 0x0000000086200000| Untracked 
|  45|0x0000000086300000, 0x0000000086300000, 0x0000000086400000|  0%| F|  |TAMS 0x0000000086300000, 0x0000000086300000| Untracked 
|  46|0x0000000086400000, 0x0000000086400000, 0x0000000086500000|  0%| F|  |TAMS 0x0000000086400000, 0x0000000086400000| Untracked 
| 123|0x000000008b100000, 0x000000008b100000, 0x000000008b200000|  0%| F|  |TAMS 0x000000008b100000, 0x000000008b100000| Untracked 
| 124|0x000000008b200000, 0x000000008b200000, 0x000000008b300000|  0%| F|  |TAMS 0x000000008b200000, 0x000000008b200000| Untracked 
| 125|0x000000008b300000, 0x000000008b3778c0, 0x000000008b400000| 46%| E|  |TAMS 0x000000008b300000, 0x000000008b300000| Complete 

Card table byte_map: [0x000002d49ce60000,0x000002d49d250000] _byte_map_base: 0x000002d49ca45000

Marking Bits (Prev, Next): (CMBitMap*) 0x000002d485c419f0, (CMBitMap*) 0x000002d485c419b0
 Prev Bits: [0x000002d49f570000, 0x000002d4a1498000)
 Next Bits: [0x000002d49d640000, 0x000002d49f568000)

Polling page: 0x000002d485380000

Metaspace:

Usage:
  Non-class:     24.27 MB used.
      Class:      3.18 MB used.
       Both:     27.45 MB used.

Virtual space:
  Non-class space:       64.00 MB reserved,      24.44 MB ( 38%) committed,  1 nodes.
      Class space:        1.00 GB reserved,       3.31 MB ( <1%) committed,  1 nodes.
             Both:        1.06 GB reserved,      27.75 MB (  3%) committed. 

Chunk freelists:
   Non-Class:  6.84 MB
       Class:  12.60 MB
        Both:  19.44 MB

MaxMetaspaceSize: unlimited
CompressedClassSpaceSize: 1.00 GB
Initial GC threshold: 21.00 MB
Current GC threshold: 46.25 MB
CDS: on
MetaspaceReclaimPolicy: balanced
 - commit_granule_bytes: 65536.
 - commit_granule_words: 8192.
 - virtual_space_node_default_size: 8388608.
 - enlarge_chunks_in_place: 1.
 - new_chunks_are_fully_committed: 0.
 - uncommit_free_chunks: 1.
 - use_allocation_guard: 0.
 - handle_deallocations: 1.


Internal statistics:

num_allocs_failed_limit: 3.
num_arena_births: 224.
num_arena_deaths: 0.
num_vsnodes_births: 2.
num_vsnodes_deaths: 0.
num_space_committed: 442.
num_space_uncommitted: 0.
num_chunks_returned_to_freelist: 3.
num_chunks_taken_from_freelist: 1109.
num_chunk_merges: 3.
num_chunk_splits: 848.
num_chunks_enlarged: 715.
num_inconsistent_stats: 0.

CodeHeap 'non-profiled nmethods': size=120000Kb used=2461Kb max_used=2461Kb free=117538Kb
 bounds [0x000002d495210000, 0x000002d495480000, 0x000002d49c740000]
CodeHeap 'profiled nmethods': size=120000Kb used=8058Kb max_used=8058Kb free=111941Kb
 bounds [0x000002d48d740000, 0x000002d48df20000, 0x000002d494c70000]
CodeHeap 'non-nmethods': size=5760Kb used=2008Kb max_used=2074Kb free=3751Kb
 bounds [0x000002d494c70000, 0x000002d494ee0000, 0x000002d495210000]
 total_blobs=5379 nmethods=3921 adapters=1369
 compilation: enabled
              stopped_count=0, restarted_count=0
 full_count=0

Compilation events (20 events):
Event: 13.608 Thread 0x000002d4e900dac0 3918       3       com.sun.marlin.MaskMarlinAlphaConsumer::clearAlphas (27 bytes)
Event: 13.608 Thread 0x000002d4e900dac0 nmethod 3918 0x000002d48df1a590 code [0x000002d48df1a740, 0x000002d48df1a888]
Event: 13.609 Thread 0x000002d4e900dac0 3926       1       javafx.scene.Node::getContentBias (2 bytes)
Event: 13.609 Thread 0x000002d4e900dac0 nmethod 3926 0x000002d495476110 code [0x000002d4954762a0, 0x000002d495476378]
Event: 13.609 Thread 0x000002d4e900dac0 3927       1       com.sun.javafx.stage.WindowEventDispatcher::getLastDispatcher (5 bytes)
Event: 13.610 Thread 0x000002d4e900dac0 nmethod 3927 0x000002d495476410 code [0x000002d4954765a0, 0x000002d495476678]
Event: 13.610 Thread 0x000002d4e900dac0 3928       1       com.sun.javafx.scene.SceneEventDispatcher::getLastDispatcher (5 bytes)
Event: 13.610 Thread 0x000002d4e900dac0 nmethod 3928 0x000002d495476710 code [0x000002d4954768a0, 0x000002d495476978]
Event: 13.610 Thread 0x000002d4e900dac0 3907       3       com.sun.prism.impl.VertexBuffer::addQuad (31 bytes)
Event: 13.610 Thread 0x000002d4e900dac0 nmethod 3907 0x000002d48df1a910 code [0x000002d48df1aae0, 0x000002d48df1ad48]
Event: 13.610 Thread 0x000002d4e900dac0 3920       1       javafx.scene.layout.BorderStrokeStyle::getLineCap (5 bytes)
Event: 13.610 Thread 0x000002d4e900dac0 nmethod 3920 0x000002d495476a10 code [0x000002d495476ba0, 0x000002d495476c78]
Event: 13.611 Thread 0x000002d4e900dac0 3921       1       javafx.scene.layout.BorderStrokeStyle::getDashArray (5 bytes)
Event: 13.611 Thread 0x000002d4e900dac0 nmethod 3921 0x000002d495476d10 code [0x000002d495476ea0, 0x000002d495476f78]
Event: 13.611 Thread 0x000002d4e900dac0 3922       1       javafx.scene.layout.BorderStrokeStyle::getMiterLimit (5 bytes)
Event: 13.611 Thread 0x000002d4e900dac0 nmethod 3922 0x000002d495477010 code [0x000002d4954771a0, 0x000002d495477278]
Event: 13.611 Thread 0x000002d4e900dac0 3923       1       com.sun.scenario.effect.impl.prism.PrTexture::getTextureObject (5 bytes)
Event: 13.611 Thread 0x000002d4e900dac0 nmethod 3923 0x000002d495477310 code [0x000002d4954774a0, 0x000002d495477578]
Event: 13.619 Thread 0x000002d4e900dac0 3929       3       com.sun.glass.ui.Screen::hashCode (248 bytes)
Event: 13.623 Thread 0x000002d4e900dac0 nmethod 3929 0x000002d48df1ae90 code [0x000002d48df1b0c0, 0x000002d48df1baf8]

GC Heap History (20 events):
Event: 8.739 GC heap before
{Heap before GC invocations=11 (full 0):
 garbage-first heap   total 48128K, used 36823K [0x0000000083600000, 0x0000000100000000)
  region size 1024K, 24 young (24576K), 2 survivors (2048K)
 Metaspace       used 24802K, committed 25088K, reserved 1114112K
  class space    used 2640K, committed 2752K, reserved 1048576K
}
Event: 8.740 GC heap after
{Heap after GC invocations=12 (full 0):
 garbage-first heap   total 48128K, used 16568K [0x0000000083600000, 0x0000000100000000)
  region size 1024K, 3 young (3072K), 3 survivors (3072K)
 Metaspace       used 24802K, committed 25088K, reserved 1114112K
  class space    used 2640K, committed 2752K, reserved 1048576K
}
Event: 8.841 GC heap before
{Heap before GC invocations=12 (full 0):
 garbage-first heap   total 48128K, used 37048K [0x0000000083600000, 0x0000000100000000)
  region size 1024K, 23 young (23552K), 3 survivors (3072K)
 Metaspace       used 24812K, committed 25088K, reserved 1114112K
  class space    used 2640K, committed 2752K, reserved 1048576K
}
Event: 8.842 GC heap after
{Heap after GC invocations=13 (full 0):
 garbage-first heap   total 48128K, used 18176K [0x0000000083600000, 0x0000000100000000)
  region size 1024K, 2 young (2048K), 2 survivors (2048K)
 Metaspace       used 24812K, committed 25088K, reserved 1114112K
  class space    used 2640K, committed 2752K, reserved 1048576K
}
Event: 8.937 GC heap before
{Heap before GC invocations=13 (full 0):
 garbage-first heap   total 48128K, used 36608K [0x0000000083600000, 0x0000000100000000)
  region size 1024K, 20 young (20480K), 2 survivors (2048K)
 Metaspace       used 24825K, committed 25088K, reserved 1114112K
  class space    used 2640K, committed 2752K, reserved 1048576K
}
Event: 8.938 GC heap after
{Heap after GC invocations=14 (full 0):
 garbage-first heap   total 48128K, used 19200K [0x0000000083600000, 0x0000000100000000)
  region size 1024K, 3 young (3072K), 3 survivors (3072K)
 Metaspace       used 24825K, committed 25088K, reserved 1114112K
  class space    used 2640K, committed 2752K, reserved 1048576K
}
Event: 9.046 GC heap before
{Heap before GC invocations=14 (full 0):
 garbage-first heap   total 48128K, used 35584K [0x0000000083600000, 0x0000000100000000)
  region size 1024K, 20 young (20480K), 3 survivors (3072K)
 Metaspace       used 24829K, committed 25088K, reserved 1114112K
  class space    used 2640K, committed 2752K, reserved 1048576K
}
Event: 9.047 GC heap after
{Heap after GC invocations=15 (full 0):
 garbage-first heap   total 48128K, used 20480K [0x0000000083600000, 0x0000000100000000)
  region size 1024K, 3 young (3072K), 3 survivors (3072K)
 Metaspace       used 24829K, committed 25088K, reserved 1114112K
  class space    used 2640K, committed 2752K, reserved 1048576K
}
Event: 9.314 GC heap before
{Heap before GC invocations=15 (full 0):
 garbage-first heap   total 48128K, used 36864K [0x0000000083600000, 0x0000000100000000)
  region size 1024K, 19 young (19456K), 3 survivors (3072K)
 Metaspace       used 24839K, committed 25088K, reserved 1114112K
  class space    used 2640K, committed 2752K, reserved 1048576K
}
Event: 9.315 GC heap after
{Heap after GC invocations=16 (full 0):
 garbage-first heap   total 48128K, used 21248K [0x0000000083600000, 0x0000000100000000)
  region size 1024K, 3 young (3072K), 3 survivors (3072K)
 Metaspace       used 24839K, committed 25088K, reserved 1114112K
  class space    used 2640K, committed 2752K, reserved 1048576K
}
Event: 9.905 GC heap before
{Heap before GC invocations=16 (full 0):
 garbage-first heap   total 48128K, used 35584K [0x0000000083600000, 0x0000000100000000)
  region size 1024K, 18 young (18432K), 3 survivors (3072K)
 Metaspace       used 24849K, committed 25088K, reserved 1114112K
  class space    used 2640K, committed 2752K, reserved 1048576K
}
Event: 9.906 GC heap after
{Heap after GC invocations=17 (full 0):
 garbage-first heap   total 48128K, used 22530K [0x0000000083600000, 0x0000000100000000)
  region size 1024K, 3 young (3072K), 3 survivors (3072K)
 Metaspace       used 24849K, committed 25088K, reserved 1114112K
  class space    used 2640K, committed 2752K, reserved 1048576K
}
Event: 10.645 GC heap before
{Heap before GC invocations=17 (full 0):
 garbage-first heap   total 48128K, used 36866K [0x0000000083600000, 0x0000000100000000)
  region size 1024K, 18 young (18432K), 3 survivors (3072K)
 Metaspace       used 24849K, committed 25088K, reserved 1114112K
  class space    used 2640K, committed 2752K, reserved 1048576K
}
Event: 10.646 GC heap after
{Heap after GC invocations=18 (full 0):
 garbage-first heap   total 48128K, used 23556K [0x0000000083600000, 0x0000000100000000)
  region size 1024K, 3 young (3072K), 3 survivors (3072K)
 Metaspace       used 24849K, committed 25088K, reserved 1114112K
  class space    used 2640K, committed 2752K, reserved 1048576K
}
Event: 10.997 GC heap before
{Heap before GC invocations=18 (full 0):
 garbage-first heap   total 48128K, used 32772K [0x0000000083600000, 0x0000000100000000)
  region size 1024K, 14 young (14336K), 3 survivors (3072K)
 Metaspace       used 24849K, committed 25088K, reserved 1114112K
  class space    used 2640K, committed 2752K, reserved 1048576K
}
Event: 10.997 GC heap after
{Heap after GC invocations=19 (full 0):
 garbage-first heap   total 48128K, used 23812K [0x0000000083600000, 0x0000000100000000)
  region size 1024K, 2 young (2048K), 2 survivors (2048K)
 Metaspace       used 24849K, committed 25088K, reserved 1114112K
  class space    used 2640K, committed 2752K, reserved 1048576K
}
Event: 11.226 GC heap before
{Heap before GC invocations=20 (full 0):
 garbage-first heap   total 51200K, used 39172K [0x0000000083600000, 0x0000000100000000)
  region size 1024K, 16 young (16384K), 2 survivors (2048K)
 Metaspace       used 26613K, committed 26880K, reserved 1114112K
  class space    used 2987K, committed 3136K, reserved 1048576K
}
Event: 11.228 GC heap after
{Heap after GC invocations=21 (full 0):
 garbage-first heap   total 51200K, used 25048K [0x0000000083600000, 0x0000000100000000)
  region size 1024K, 2 young (2048K), 2 survivors (2048K)
 Metaspace       used 26613K, committed 26880K, reserved 1114112K
  class space    used 2987K, committed 3136K, reserved 1048576K
}
Event: 13.599 GC heap before
{Heap before GC invocations=21 (full 0):
 garbage-first heap   total 51200K, used 32216K [0x0000000083600000, 0x0000000100000000)
  region size 1024K, 10 young (10240K), 2 survivors (2048K)
 Metaspace       used 28099K, committed 28416K, reserved 1114112K
  class space    used 3253K, committed 3392K, reserved 1048576K
}
Event: 13.602 GC heap after
{Heap after GC invocations=22 (full 0):
 garbage-first heap   total 51200K, used 26373K [0x0000000083600000, 0x0000000100000000)
  region size 1024K, 3 young (3072K), 3 survivors (3072K)
 Metaspace       used 28099K, committed 28416K, reserved 1114112K
  class space    used 3253K, committed 3392K, reserved 1048576K
}

Dll operation events (20 events):
Event: 6.480 Loaded shared library C:\Users\HP\.javacpp\cache\opencv-4.10.0-1.5.11-windows-x86_64.jar\org\bytedeco\opencv\windows-x86_64\opencv_imgproc4100.dll
Event: 6.524 Loaded shared library C:\Users\HP\.javacpp\cache\opencv-4.10.0-1.5.11-windows-x86_64.jar\org\bytedeco\opencv\windows-x86_64\jniopencv_core.dll
Event: 6.658 Loaded shared library C:\Users\HP\.javacpp\cache\opencv-4.10.0-1.5.11-windows-x86_64.jar\org\bytedeco\opencv\windows-x86_64\jniopencv_imgproc.dll
Event: 6.698 Loaded shared library C:\Users\HP\.javacpp\cache\opencv-4.10.0-1.5.11-windows-x86_64.jar\org\bytedeco\opencv\windows-x86_64\opencv_imgcodecs4100.dll
Event: 6.748 Loaded shared library C:\Users\HP\.javacpp\cache\opencv-4.10.0-1.5.11-windows-x86_64.jar\org\bytedeco\opencv\windows-x86_64\jniopencv_imgcodecs.dll
Event: 6.876 Loaded shared library C:\Users\HP\.javacpp\cache\opencv-4.10.0-1.5.11-windows-x86_64.jar\org\bytedeco\opencv\windows-x86_64\opencv_videoio4100.dll
Event: 6.896 Loaded shared library C:\Users\HP\.javacpp\cache\opencv-4.10.0-1.5.11-windows-x86_64.jar\org\bytedeco\opencv\windows-x86_64\jniopencv_videoio.dll
Event: 6.942 Loaded shared library C:\Users\HP\.javacpp\cache\opencv-4.10.0-1.5.11-windows-x86_64.jar\org\bytedeco\opencv\windows-x86_64\opencv_highgui4100.dll
Event: 6.974 Loaded shared library C:\Users\HP\.javacpp\cache\opencv-4.10.0-1.5.11-windows-x86_64.jar\org\bytedeco\opencv\windows-x86_64\jniopencv_highgui.dll
Event: 7.056 Loaded shared library C:\Users\HP\.javacpp\cache\opencv-4.10.0-1.5.11-windows-x86_64.jar\org\bytedeco\opencv\windows-x86_64\opencv_flann4100.dll
Event: 7.089 Loaded shared library C:\Users\HP\.javacpp\cache\opencv-4.10.0-1.5.11-windows-x86_64.jar\org\bytedeco\opencv\windows-x86_64\jniopencv_flann.dll
Event: 7.150 Loaded shared library C:\Users\HP\.javacpp\cache\opencv-4.10.0-1.5.11-windows-x86_64.jar\org\bytedeco\opencv\windows-x86_64\opencv_features2d4100.dll
Event: 7.196 Loaded shared library C:\Users\HP\.javacpp\cache\opencv-4.10.0-1.5.11-windows-x86_64.jar\org\bytedeco\opencv\windows-x86_64\jniopencv_features2d.dll
Event: 7.294 Loaded shared library C:\Users\HP\.javacpp\cache\opencv-4.10.0-1.5.11-windows-x86_64.jar\org\bytedeco\opencv\windows-x86_64\opencv_calib3d4100.dll
Event: 7.328 Loaded shared library C:\Users\HP\.javacpp\cache\opencv-4.10.0-1.5.11-windows-x86_64.jar\org\bytedeco\opencv\windows-x86_64\jniopencv_calib3d.dll
Event: 7.378 Loaded shared library C:\Users\HP\.javacpp\cache\opencv-4.10.0-1.5.11-windows-x86_64.jar\org\bytedeco\opencv\windows-x86_64\opencv_dnn4100.dll
Event: 7.409 Loaded shared library C:\Users\HP\.javacpp\cache\opencv-4.10.0-1.5.11-windows-x86_64.jar\org\bytedeco\opencv\windows-x86_64\jniopencv_dnn.dll
Event: 7.514 Loaded shared library C:\Users\HP\.javacpp\cache\opencv-4.10.0-1.5.11-windows-x86_64.jar\org\bytedeco\opencv\windows-x86_64\opencv_objdetect4100.dll
Event: 7.537 Loaded shared library C:\Users\HP\.javacpp\cache\opencv-4.10.0-1.5.11-windows-x86_64.jar\org\bytedeco\opencv\windows-x86_64\jniopencv_objdetect.dll
Event: 8.185 Loaded shared library C:\Program Files\Microsoft\jdk-17.0.17.10-hotspot\bin\awt.dll

Deoptimization events (20 events):
Event: 13.558 Thread 0x000002d4e994a610 Uncommon trap: trap_request=0xffffff45 fr.pc=0x000002d49546ad7c relative=0x0000000000000d9c
Event: 13.558 Thread 0x000002d4e994a610 Uncommon trap: reason=unstable_if action=reinterpret pc=0x000002d49546ad7c method=javafx.scene.Node.updateBounds()V @ 37 c2
Event: 13.558 Thread 0x000002d4e994a610 DEOPT PACKING pc=0x000002d49546ad7c sp=0x000000ee801fc750
Event: 13.558 Thread 0x000002d4e994a610 DEOPT UNPACKING pc=0x000002d494cca1a3 sp=0x000000ee801fc720 mode 2
Event: 13.566 Thread 0x000002d4e9888e20 DEOPT PACKING pc=0x000002d48de2060c sp=0x000000eeffdfd930
Event: 13.566 Thread 0x000002d4e9888e20 DEOPT UNPACKING pc=0x000002d494ccace3 sp=0x000000eeffdfcd68 mode 0
Event: 13.567 Thread 0x000002d4e9888e20 DEOPT PACKING pc=0x000002d48de3cbec sp=0x000000eeffdfd800
Event: 13.567 Thread 0x000002d4e9888e20 DEOPT UNPACKING pc=0x000002d494ccace3 sp=0x000000eeffdfcc58 mode 0
Event: 13.598 Thread 0x000002d4e9888e20 DEOPT PACKING pc=0x000002d48de2060c sp=0x000000eeffdfa980
Event: 13.598 Thread 0x000002d4e9888e20 DEOPT UNPACKING pc=0x000002d494ccace3 sp=0x000000eeffdf9db8 mode 0
Event: 13.610 Thread 0x000002d4e9888e20 DEOPT PACKING pc=0x000002d48de3cbec sp=0x000000eeffdfd800
Event: 13.610 Thread 0x000002d4e9888e20 DEOPT UNPACKING pc=0x000002d494ccace3 sp=0x000000eeffdfcc58 mode 0
Event: 13.611 Thread 0x000002d4e9888e20 DEOPT PACKING pc=0x000002d48de3cbec sp=0x000000eeffdfd800
Event: 13.611 Thread 0x000002d4e9888e20 DEOPT UNPACKING pc=0x000002d494ccace3 sp=0x000000eeffdfcc58 mode 0
Event: 13.611 Thread 0x000002d4e9888e20 DEOPT PACKING pc=0x000002d48de20679 sp=0x000000eeffdfd930
Event: 13.611 Thread 0x000002d4e9888e20 DEOPT UNPACKING pc=0x000002d494ccace3 sp=0x000000eeffdfcd68 mode 0
Event: 13.617 Thread 0x000002d4e9888e20 DEOPT PACKING pc=0x000002d48de3cbec sp=0x000000eeffdfd800
Event: 13.617 Thread 0x000002d4e9888e20 DEOPT UNPACKING pc=0x000002d494ccace3 sp=0x000000eeffdfcc58 mode 0
Event: 13.618 Thread 0x000002d4e9888e20 DEOPT PACKING pc=0x000002d48de3cbec sp=0x000000eeffdfd800
Event: 13.618 Thread 0x000002d4e9888e20 DEOPT UNPACKING pc=0x000002d494ccace3 sp=0x000000eeffdfcc58 mode 0

Classes loaded (20 events):
Event: 11.048 Loading class java/util/BitSet
Event: 11.049 Loading class java/util/BitSet done
Event: 11.072 Loading class sun/reflect/generics/tree/BottomSignature
Event: 11.073 Loading class sun/reflect/generics/tree/BottomSignature done
Event: 11.073 Loading class sun/reflect/generics/tree/Wildcard
Event: 11.073 Loading class sun/reflect/generics/tree/Wildcard done
Event: 11.073 Loading class sun/reflect/generics/reflectiveObjects/WildcardTypeImpl
Event: 11.073 Loading class java/lang/reflect/WildcardType
Event: 11.073 Loading class java/lang/reflect/WildcardType done
Event: 11.073 Loading class sun/reflect/generics/reflectiveObjects/WildcardTypeImpl done
Event: 11.106 Loading class java/text/ParseException
Event: 11.106 Loading class java/text/ParseException done
Event: 11.148 Loading class java/lang/FdLibm$Hypot
Event: 11.148 Loading class java/lang/FdLibm$Hypot done
Event: 11.148 Loading class java/lang/FdLibm
Event: 11.148 Loading class java/lang/FdLibm done
Event: 11.365 Loading class java/text/FieldPosition$Delegate
Event: 11.365 Loading class java/text/FieldPosition$Delegate done
Event: 11.392 Loading class java/util/ComparableTimSort
Event: 11.393 Loading class java/util/ComparableTimSort done

Classes unloaded (0 events):
No events

Classes redefined (0 events):
No events

Internal exceptions (20 events):
Event: 1.105 Thread 0x000002d4e994a610 Implicit null exception at 0x000002d495287b0d to 0x000002d495287e94
Event: 1.264 Thread 0x000002d4e994a610 Exception <a 'java/lang/NoSuchMethodError'{0x00000000898d1e78}: 'java.lang.Object java.lang.invoke.DirectMethodHandle$Holder.invokeInterface(java.lang.Object, java.lang.Object, java.lang.Object)'> (0x00000000898d1e78) 
thrown [s\src\hotspot\share\interpreter\linkResolver.cpp, line 759]
Event: 1.264 Thread 0x000002d4e994a610 Exception <a 'java/lang/IncompatibleClassChangeError'{0x00000000898d5800}: Found class java.lang.Object, but interface was expected> (0x00000000898d5800) 
thrown [s\src\hotspot\share\interpreter\linkResolver.cpp, line 826]
Event: 1.478 Thread 0x000002d4e994a610 Exception <a 'java/lang/NoSuchMethodError'{0x00000000893cd198}: 'java.lang.Object java.lang.invoke.DirectMethodHandle$Holder.newInvokeSpecial(java.lang.Object, java.lang.Object, int)'> (0x00000000893cd198) 
thrown [s\src\hotspot\share\interpreter\linkResolver.cpp, line 759]
Event: 1.541 Thread 0x000002d4e9888e20 Exception <a 'java/lang/NoSuchMethodError'{0x0000000089183420}: 'int java.lang.invoke.DirectMethodHandle$Holder.invokeStaticInit(java.lang.Object, java.lang.Object)'> (0x0000000089183420) 
thrown [s\src\hotspot\share\interpreter\linkResolver.cpp, line 759]
Event: 4.954 Thread 0x000002d4e994a610 Exception <a 'java/lang/NoSuchMethodError'{0x000000008ae0e400}: 'long java.lang.invoke.DirectMethodHandle$Holder.invokeStatic(java.lang.Object, java.lang.Object, java.lang.Object)'> (0x000000008ae0e400) 
thrown [s\src\hotspot\share\interpreter\linkResolver.cpp, line 759]
Event: 4.954 Thread 0x000002d4e994a610 Exception <a 'java/lang/NoSuchMethodError'{0x000000008ae11ba8}: 'long java.lang.invoke.DirectMethodHandle$Holder.invokeStaticInit(java.lang.Object, java.lang.Object, java.lang.Object)'> (0x000000008ae11ba8) 
thrown [s\src\hotspot\share\interpreter\linkResolver.cpp, line 759]
Event: 4.956 Thread 0x000002d4e994a610 Exception <a 'java/lang/NoSuchMethodError'{0x000000008ae29730}: 'java.lang.Object java.lang.invoke.DirectMethodHandle$Holder.newInvokeSpecial(java.lang.Object, java.lang.Object, long)'> (0x000000008ae29730) 
thrown [s\src\hotspot\share\interpreter\linkResolver.cpp, line 759]
Event: 4.956 Thread 0x000002d4e994a610 Exception <a 'java/lang/NoSuchMethodError'{0x000000008ae2d2a0}: 'java.lang.Object java.lang.invoke.Invokers$Holder.linkToTargetMethod(java.lang.Object, long, java.lang.Object)'> (0x000000008ae2d2a0) 
thrown [s\src\hotspot\share\interpreter\linkResolver.cpp, line 759]
Event: 5.188 Thread 0x000002d4e994a610 Exception <a 'java/lang/NoSuchMethodError'{0x000000008adb7a70}: 'int java.lang.invoke.DirectMethodHandle$Holder.invokeStaticInit(java.lang.Object, java.lang.Object, java.lang.Object, java.lang.Object)'> (0x000000008adb7a70) 
thrown [s\src\hotspot\share\interpreter\linkResolver.cpp, line 759]
Event: 5.189 Thread 0x000002d4e994a610 Exception <a 'java/lang/NoSuchMethodError'{0x000000008adc14d8}: 'java.lang.Object java.lang.invoke.DirectMethodHandle$Holder.invokeInterface(java.lang.Object, java.lang.Object)'> (0x000000008adc14d8) 
thrown [s\src\hotspot\share\interpreter\linkResolver.cpp, line 759]
Event: 5.189 Thread 0x000002d4e994a610 Exception <a 'java/lang/IncompatibleClassChangeError'{0x000000008adc5220}: Found class java.lang.Object, but interface was expected> (0x000000008adc5220) 
thrown [s\src\hotspot\share\interpreter\linkResolver.cpp, line 826]
Event: 8.127 Thread 0x000002d4e994a610 Exception <a 'java/lang/ClassNotFoundException'{0x000000008569ba78}: sun/awt/resources/spi/awtProvider> (0x000000008569ba78) 
thrown [s\src\hotspot\share\classfile\systemDictionary.cpp, line 256]
Event: 8.259 Thread 0x000002d4e994a610 Exception <a 'java/io/FileNotFoundException'{0x000000008569f368}> (0x000000008569f368) 
thrown [s\src\hotspot\share\prims\jni.cpp, line 516]
Event: 8.260 Thread 0x000002d4e994a610 Exception <a 'java/io/FileNotFoundException'{0x00000000856a0db8}> (0x00000000856a0db8) 
thrown [s\src\hotspot\share\prims\jni.cpp, line 516]
Event: 11.109 Thread 0x000002d4e994a610 Exception <a 'java/lang/NoSuchMethodError'{0x0000000085e4cc08}: 'void java.lang.invoke.DirectMethodHandle$Holder.invokeSpecial(java.lang.Object, java.lang.Object, java.lang.Object, java.lang.Object, java.lang.Object, java.lang.Object)'> (0x0000000085e4cc08) 
thrown [s\src\hotspot\share\interpreter\linkResolver.cpp, line 759]
Event: 11.188 Thread 0x000002d4e994a610 Exception <a 'java/lang/ClassNotFoundException'{0x0000000085b7b5f8}: com/sun/javafx/scene/control/skin/resources/controls> (0x0000000085b7b5f8) 
thrown [s\src\hotspot\share\prims\jni.cpp, line 535]
Event: 11.189 Thread 0x000002d4e994a610 Exception <a 'java/lang/ClassNotFoundException'{0x0000000085b89568}: com/sun/javafx/scene/control/skin/resources/controls_fr> (0x0000000085b89568) 
thrown [s\src\hotspot\share\prims\jni.cpp, line 535]
Event: 11.189 Thread 0x000002d4e994a610 Exception <a 'java/lang/ClassNotFoundException'{0x0000000085b974c0}: com/sun/javafx/scene/control/skin/resources/controls_fr_FR> (0x0000000085b974c0) 
thrown [s\src\hotspot\share\prims\jni.cpp, line 535]
Event: 11.594 Thread 0x000002d4e9888e20 Exception <a 'java/lang/NoSuchMethodError'{0x000000008618eba8}: 'java.lang.Object java.lang.invoke.DirectMethodHandle$Holder.invokeStaticInit(java.lang.Object, int)'> (0x000000008618eba8) 
thrown [s\src\hotspot\share\interpreter\linkResolver.cpp, line 759]

VM Operations (20 events):
Event: 11.008 Executing VM operation: G1PauseRemark
Event: 11.011 Executing VM operation: G1PauseRemark done
Event: 11.015 Executing VM operation: G1PauseCleanup
Event: 11.015 Executing VM operation: G1PauseCleanup done
Event: 11.204 Executing VM operation: HandshakeAllThreads
Event: 11.205 Executing VM operation: HandshakeAllThreads done
Event: 11.205 Executing VM operation: HandshakeAllThreads
Event: 11.205 Executing VM operation: HandshakeAllThreads done
Event: 11.226 Executing VM operation: G1CollectForAllocation
Event: 11.228 Executing VM operation: G1CollectForAllocation done
Event: 11.290 Executing VM operation: HandshakeAllThreads
Event: 11.290 Executing VM operation: HandshakeAllThreads done
Event: 12.063 Executing VM operation: ICBufferFull
Event: 12.064 Executing VM operation: ICBufferFull done
Event: 13.599 Executing VM operation: G1TryInitiateConcMark
Event: 13.602 Executing VM operation: G1TryInitiateConcMark done
Event: 13.620 Executing VM operation: G1PauseRemark
Event: 13.623 Executing VM operation: G1PauseRemark done
Event: 13.628 Executing VM operation: G1PauseCleanup
Event: 13.628 Executing VM operation: G1PauseCleanup done

Memory protections (0 events):
No events

Nmethod flushes (0 events):
No events

Events (20 events):
Event: 6.271 Thread 0x000002d4e90050b0 Thread added: 0x000002d4f0391830
Event: 6.554 Thread 0x000002d4f0391830 Thread exited: 0x000002d4f0391830
Event: 6.657 Thread 0x000002d4e900dac0 Thread added: 0x000002d4f0393810
Event: 6.969 Thread 0x000002d4f0393810 Thread exited: 0x000002d4f0393810
Event: 8.305 Thread 0x000002d4e994a610 Thread added: 0x000002d4eefe0b80
Event: 8.306 Thread 0x000002d4e994a610 Thread added: 0x000002d4eefe3400
Event: 8.306 Thread 0x000002d4e994a610 Thread added: 0x000002d4eefe15a0
Event: 8.306 Thread 0x000002d4e994a610 Thread added: 0x000002d4eefe0160
Event: 8.307 Thread 0x000002d4e994a610 Thread added: 0x000002d4eefe3910
Event: 8.320 Thread 0x000002d4e994a610 Thread added: 0x000002d4eefe1ab0
Event: 8.321 Thread 0x000002d4e994a610 Thread added: 0x000002d4eefe24d0
Event: 8.321 Thread 0x000002d4e994a610 Thread added: 0x000002d4eefe0670
Event: 8.524 Thread 0x000002d4e900dac0 Thread added: 0x000002d4f0394800
Event: 8.629 Thread 0x000002d4e900dac0 Thread added: 0x000002d4f0392d70
Event: 9.311 Thread 0x000002d4f0394800 Thread exited: 0x000002d4f0394800
Event: 9.311 Thread 0x000002d4f0392d70 Thread exited: 0x000002d4f0392d70
Event: 11.155 Thread 0x000002d4e900dac0 Thread added: 0x000002d4f0391830
Event: 11.264 Thread 0x000002d4e900dac0 Thread added: 0x000002d4f0391d80
Event: 12.718 Thread 0x000002d4f0391830 Thread exited: 0x000002d4f0391830
Event: 12.718 Thread 0x000002d4f0391d80 Thread exited: 0x000002d4f0391d80


Dynamic libraries:
0x00007ff6e1920000 - 0x00007ff6e192e000 	C:\Program Files\Microsoft\jdk-17.0.17.10-hotspot\bin\java.exe
0x00007ffc4d3d0000 - 0x00007ffc4d5e6000 	C:\WINDOWS\SYSTEM32\ntdll.dll
0x00007ffc4bbe0000 - 0x00007ffc4bca4000 	C:\WINDOWS\System32\KERNEL32.DLL
0x00007ffc4a870000 - 0x00007ffc4ac16000 	C:\WINDOWS\System32\KERNELBASE.dll
0x00007ffc4afd0000 - 0x00007ffc4b0e1000 	C:\WINDOWS\System32\ucrtbase.dll
0x00007ffc344f0000 - 0x00007ffc34508000 	C:\Program Files\Microsoft\jdk-17.0.17.10-hotspot\bin\jli.dll
0x00007ffc34510000 - 0x00007ffc3452e000 	C:\Program Files\Microsoft\jdk-17.0.17.10-hotspot\bin\VCRUNTIME140.dll
0x00007ffc4c640000 - 0x00007ffc4c7ed000 	C:\WINDOWS\System32\USER32.dll
0x00007ffc2d820000 - 0x00007ffc2dab3000 	C:\WINDOWS\WinSxS\amd64_microsoft.windows.common-controls_6595b64144ccf1df_6.0.22621.3235_none_270f74e173860f98\COMCTL32.dll
0x00007ffc4a840000 - 0x00007ffc4a866000 	C:\WINDOWS\System32\win32u.dll
0x00007ffc4cc30000 - 0x00007ffc4ccd7000 	C:\WINDOWS\System32\msvcrt.dll
0x00007ffc4ce00000 - 0x00007ffc4ce29000 	C:\WINDOWS\System32\GDI32.dll
0x00007ffc4ae00000 - 0x00007ffc4af18000 	C:\WINDOWS\System32\gdi32full.dll
0x00007ffc4a6e0000 - 0x00007ffc4a77a000 	C:\WINDOWS\System32\msvcp_win.dll
0x00007ffc4b480000 - 0x00007ffc4b4b1000 	C:\WINDOWS\System32\IMM32.DLL
0x00007ffc440f0000 - 0x00007ffc440fc000 	C:\Program Files\Microsoft\jdk-17.0.17.10-hotspot\bin\vcruntime140_1.dll
0x00007ffc018d0000 - 0x00007ffc01959000 	C:\Program Files\Microsoft\jdk-17.0.17.10-hotspot\bin\msvcp140.dll
0x00007ffba9f80000 - 0x00007ffbaabfa000 	C:\Program Files\Microsoft\jdk-17.0.17.10-hotspot\bin\server\jvm.dll
0x00007ffc4ca60000 - 0x00007ffc4cb12000 	C:\WINDOWS\System32\ADVAPI32.dll
0x00007ffc4ce30000 - 0x00007ffc4ced8000 	C:\WINDOWS\System32\sechost.dll
0x00007ffc4afa0000 - 0x00007ffc4afc8000 	C:\WINDOWS\System32\bcrypt.dll
0x00007ffc4cce0000 - 0x00007ffc4cdf5000 	C:\WINDOWS\System32\RPCRT4.dll
0x00007ffc4b250000 - 0x00007ffc4b2c1000 	C:\WINDOWS\System32\WS2_32.dll
0x00007ffc3dc00000 - 0x00007ffc3dc0a000 	C:\WINDOWS\SYSTEM32\VERSION.dll
0x00007ffc3f660000 - 0x00007ffc3f694000 	C:\WINDOWS\SYSTEM32\WINMM.dll
0x00007ffc4a5b0000 - 0x00007ffc4a5fd000 	C:\WINDOWS\SYSTEM32\POWRPROF.dll
0x00007ffc4a590000 - 0x00007ffc4a5a3000 	C:\WINDOWS\SYSTEM32\UMPDC.dll
0x00007ffc49720000 - 0x00007ffc49738000 	C:\WINDOWS\SYSTEM32\kernel.appcore.dll
0x00007ffc44030000 - 0x00007ffc4403a000 	C:\Program Files\Microsoft\jdk-17.0.17.10-hotspot\bin\jimage.dll
0x00007ffc44590000 - 0x00007ffc447c3000 	C:\WINDOWS\SYSTEM32\DBGHELP.DLL
0x00007ffc4b4d0000 - 0x00007ffc4b858000 	C:\WINDOWS\System32\combase.dll
0x00007ffc4bd00000 - 0x00007ffc4bdd7000 	C:\WINDOWS\System32\OLEAUT32.dll
0x00007ffc25cb0000 - 0x00007ffc25ce2000 	C:\WINDOWS\SYSTEM32\dbgcore.DLL
0x00007ffc4af20000 - 0x00007ffc4af9a000 	C:\WINDOWS\System32\bcryptPrimitives.dll
0x00007ffc1a330000 - 0x00007ffc1a356000 	C:\Program Files\Microsoft\jdk-17.0.17.10-hotspot\bin\java.dll
0x00007ffc01170000 - 0x00007ffc01246000 	C:\Program Files\Microsoft\jdk-17.0.17.10-hotspot\bin\jsvml.dll
0x00007ffc4bde0000 - 0x00007ffc4c63d000 	C:\WINDOWS\System32\SHELL32.dll
0x00007ffc48640000 - 0x00007ffc48f38000 	C:\WINDOWS\SYSTEM32\windows.storage.dll
0x00007ffc48500000 - 0x00007ffc4863e000 	C:\WINDOWS\SYSTEM32\wintypes.dll
0x00007ffc4b150000 - 0x00007ffc4b243000 	C:\WINDOWS\System32\SHCORE.dll
0x00007ffc4b0f0000 - 0x00007ffc4b14e000 	C:\WINDOWS\System32\shlwapi.dll
0x00007ffc4a610000 - 0x00007ffc4a636000 	C:\WINDOWS\SYSTEM32\profapi.dll
0x00007ffc29bb0000 - 0x00007ffc29bcb000 	C:\Program Files\Microsoft\jdk-17.0.17.10-hotspot\bin\net.dll
0x00007ffc40120000 - 0x00007ffc40257000 	C:\WINDOWS\SYSTEM32\WINHTTP.dll
0x00007ffc49ba0000 - 0x00007ffc49c09000 	C:\WINDOWS\system32\mswsock.dll
0x00007ffc231f0000 - 0x00007ffc23206000 	C:\Program Files\Microsoft\jdk-17.0.17.10-hotspot\bin\nio.dll
0x00007ffc20f00000 - 0x00007ffc20f18000 	C:\Program Files\Microsoft\jdk-17.0.17.10-hotspot\bin\zip.dll
0x000002d485b40000 - 0x000002d485b43000 	C:\Users\HP\.openjfx\cache\17.0.2-ea\api-ms-win-core-console-l1-1-0.dll
0x000002d485b50000 - 0x000002d485b53000 	C:\Users\HP\.openjfx\cache\17.0.2-ea\api-ms-win-core-console-l1-2-0.dll
0x000002d485b60000 - 0x000002d485b63000 	C:\Users\HP\.openjfx\cache\17.0.2-ea\api-ms-win-core-datetime-l1-1-0.dll
0x000002d485b70000 - 0x000002d485b73000 	C:\Users\HP\.openjfx\cache\17.0.2-ea\api-ms-win-core-debug-l1-1-0.dll
0x000002d4a3fb0000 - 0x000002d4a3fb3000 	C:\Users\HP\.openjfx\cache\17.0.2-ea\api-ms-win-core-errorhandling-l1-1-0.dll
0x000002d4a3fc0000 - 0x000002d4a3fc4000 	C:\Users\HP\.openjfx\cache\17.0.2-ea\api-ms-win-core-file-l1-1-0.dll
0x000002d4a3fd0000 - 0x000002d4a3fd3000 	C:\Users\HP\.openjfx\cache\17.0.2-ea\api-ms-win-core-file-l1-2-0.dll
0x000002d4a3fe0000 - 0x000002d4a3fe3000 	C:\Users\HP\.openjfx\cache\17.0.2-ea\api-ms-win-core-file-l2-1-0.dll
0x000002d4a3ff0000 - 0x000002d4a3ff3000 	C:\Users\HP\.openjfx\cache\17.0.2-ea\api-ms-win-core-handle-l1-1-0.dll
0x000002d4e9c00000 - 0x000002d4e9c03000 	C:\Users\HP\.openjfx\cache\17.0.2-ea\api-ms-win-core-heap-l1-1-0.dll
0x000002d4e9c10000 - 0x000002d4e9c13000 	C:\Users\HP\.openjfx\cache\17.0.2-ea\api-ms-win-core-interlocked-l1-1-0.dll
0x000002d4e9c20000 - 0x000002d4e9c23000 	C:\Users\HP\.openjfx\cache\17.0.2-ea\api-ms-win-core-libraryloader-l1-1-0.dll
0x000002d4e9c30000 - 0x000002d4e9c33000 	C:\Users\HP\.openjfx\cache\17.0.2-ea\api-ms-win-core-localization-l1-2-0.dll
0x000002d4e9c40000 - 0x000002d4e9c43000 	C:\Users\HP\.openjfx\cache\17.0.2-ea\api-ms-win-core-memory-l1-1-0.dll
0x000002d4e9c50000 - 0x000002d4e9c53000 	C:\Users\HP\.openjfx\cache\17.0.2-ea\api-ms-win-core-namedpipe-l1-1-0.dll
0x000002d4e9c60000 - 0x000002d4e9c63000 	C:\Users\HP\.openjfx\cache\17.0.2-ea\api-ms-win-core-processenvironment-l1-1-0.dll
0x000002d4e9c70000 - 0x000002d4e9c73000 	C:\Users\HP\.openjfx\cache\17.0.2-ea\api-ms-win-core-processthreads-l1-1-0.dll
0x000002d4e9c80000 - 0x000002d4e9c83000 	C:\Users\HP\.openjfx\cache\17.0.2-ea\api-ms-win-core-processthreads-l1-1-1.dll
0x000002d4e9c90000 - 0x000002d4e9c93000 	C:\Users\HP\.openjfx\cache\17.0.2-ea\api-ms-win-core-profile-l1-1-0.dll
0x000002d4e9ca0000 - 0x000002d4e9ca3000 	C:\Users\HP\.openjfx\cache\17.0.2-ea\api-ms-win-core-rtlsupport-l1-1-0.dll
0x000002d4e9cb0000 - 0x000002d4e9cb3000 	C:\Users\HP\.openjfx\cache\17.0.2-ea\api-ms-win-core-string-l1-1-0.dll
0x000002d4e9cc0000 - 0x000002d4e9cc3000 	C:\Users\HP\.openjfx\cache\17.0.2-ea\api-ms-win-core-synch-l1-1-0.dll
0x000002d4e9cd0000 - 0x000002d4e9cd3000 	C:\Users\HP\.openjfx\cache\17.0.2-ea\api-ms-win-core-synch-l1-2-0.dll
0x000002d4e9ce0000 - 0x000002d4e9ce3000 	C:\Users\HP\.openjfx\cache\17.0.2-ea\api-ms-win-core-sysinfo-l1-1-0.dll
0x000002d4e9cf0000 - 0x000002d4e9cf3000 	C:\Users\HP\.openjfx\cache\17.0.2-ea\api-ms-win-core-timezone-l1-1-0.dll
0x000002d4e9d00000 - 0x000002d4e9d03000 	C:\Users\HP\.openjfx\cache\17.0.2-ea\api-ms-win-core-util-l1-1-0.dll
0x000002d4e9d10000 - 0x000002d4e9d13000 	C:\Users\HP\.openjfx\cache\17.0.2-ea\api-ms-win-crt-conio-l1-1-0.dll
0x000002d4e9d20000 - 0x000002d4e9d24000 	C:\Users\HP\.openjfx\cache\17.0.2-ea\api-ms-win-crt-convert-l1-1-0.dll
0x000002d4e9d30000 - 0x000002d4e9d33000 	C:\Users\HP\.openjfx\cache\17.0.2-ea\api-ms-win-crt-environment-l1-1-0.dll
0x000002d4e9d40000 - 0x000002d4e9d43000 	C:\Users\HP\.openjfx\cache\17.0.2-ea\api-ms-win-crt-filesystem-l1-1-0.dll
0x000002d4e9d50000 - 0x000002d4e9d53000 	C:\Users\HP\.openjfx\cache\17.0.2-ea\api-ms-win-crt-heap-l1-1-0.dll
0x000002d4e9d60000 - 0x000002d4e9d63000 	C:\Users\HP\.openjfx\cache\17.0.2-ea\api-ms-win-crt-locale-l1-1-0.dll
0x000002d4e9d70000 - 0x000002d4e9d75000 	C:\Users\HP\.openjfx\cache\17.0.2-ea\api-ms-win-crt-math-l1-1-0.dll
0x000002d4e9d80000 - 0x000002d4e9d85000 	C:\Users\HP\.openjfx\cache\17.0.2-ea\api-ms-win-crt-multibyte-l1-1-0.dll
0x000002d4e9d90000 - 0x000002d4e9da0000 	C:\Users\HP\.openjfx\cache\17.0.2-ea\api-ms-win-crt-private-l1-1-0.dll
0x000002d4e9da0000 - 0x000002d4e9da3000 	C:\Users\HP\.openjfx\cache\17.0.2-ea\api-ms-win-crt-process-l1-1-0.dll
0x000002d4e9db0000 - 0x000002d4e9db4000 	C:\Users\HP\.openjfx\cache\17.0.2-ea\api-ms-win-crt-runtime-l1-1-0.dll
0x000002d4e9dc0000 - 0x000002d4e9dc4000 	C:\Users\HP\.openjfx\cache\17.0.2-ea\api-ms-win-crt-stdio-l1-1-0.dll
0x000002d4e9dd0000 - 0x000002d4e9dd4000 	C:\Users\HP\.openjfx\cache\17.0.2-ea\api-ms-win-crt-string-l1-1-0.dll
0x000002d4e9de0000 - 0x000002d4e9de3000 	C:\Users\HP\.openjfx\cache\17.0.2-ea\api-ms-win-crt-time-l1-1-0.dll
0x000002d4e9df0000 - 0x000002d4e9df3000 	C:\Users\HP\.openjfx\cache\17.0.2-ea\api-ms-win-crt-utility-l1-1-0.dll
0x00007ffbf53a0000 - 0x00007ffbf549c000 	C:\Users\HP\.openjfx\cache\17.0.2-ea\ucrtbase.dll
0x00007ffc1cb70000 - 0x00007ffc1cb8a000 	C:\Users\HP\.openjfx\cache\17.0.2-ea\vcruntime140.dll
0x00007ffc34440000 - 0x00007ffc3444c000 	C:\Users\HP\.openjfx\cache\17.0.2-ea\vcruntime140_1.dll
0x00007ffc010e0000 - 0x00007ffc0116d000 	C:\Users\HP\.openjfx\cache\17.0.2-ea\msvcp140.dll
0x00007ffc0d150000 - 0x00007ffc0d17a000 	C:\Users\HP\.openjfx\cache\17.0.2-ea\prism_d3d.dll
0x00007ffbfc1d0000 - 0x00007ffbfc379000 	C:\WINDOWS\system32\d3d9.dll
0x00007ffc47c60000 - 0x00007ffc47c8b000 	C:\WINDOWS\SYSTEM32\dwmapi.dll
0x00007ffc44800000 - 0x00007ffc44839000 	C:\WINDOWS\SYSTEM32\dxcore.dll
0x00007ffc444c0000 - 0x00007ffc4456b000 	C:\WINDOWS\system32\uxtheme.dll
0x00007ffc0d2f0000 - 0x00007ffc0d49c000 	C:\WINDOWS\System32\DriverStore\FileRepository\iigd_dch.inf_amd64_9b53505f87f3498b\igdumdim64.dll
0x00007ffc4ba40000 - 0x00007ffc4bbdf000 	C:\WINDOWS\System32\ole32.dll
0x00007ffb7e9b0000 - 0x00007ffb83214000 	C:\WINDOWS\System32\DriverStore\FileRepository\iigd_dch.inf_amd64_9b53505f87f3498b\igd9dxva64.dll
0x00007ffc4cee0000 - 0x00007ffc4d354000 	C:\WINDOWS\System32\SETUPAPI.dll
0x00007ffc4a2e0000 - 0x00007ffc4a32e000 	C:\WINDOWS\SYSTEM32\cfgmgr32.dll
0x00007ffc39f30000 - 0x00007ffc3a339000 	C:\WINDOWS\System32\DriverStore\FileRepository\iigd_dch.inf_amd64_9b53505f87f3498b\igdgmm64.dll
0x00007ffc3f930000 - 0x00007ffc3f97a000 	C:\WINDOWS\SYSTEM32\directxdatabasehelper.dll
0x00007ffc01090000 - 0x00007ffc010d2000 	C:\Users\HP\.openjfx\cache\17.0.2-ea\glass.dll
0x00007ffc4cb30000 - 0x00007ffc4cc29000 	C:\WINDOWS\System32\COMDLG32.dll
0x00007ffc4c900000 - 0x00007ffc4ca54000 	C:\WINDOWS\System32\MSCTF.dll
0x00007ffbff760000 - 0x00007ffbff787000 	C:\WINDOWS\System32\DriverStore\FileRepository\iigd_dch.inf_amd64_9b53505f87f3498b\igdinfo64.dll
0x00007ffc35210000 - 0x00007ffc39894000 	C:\WINDOWS\System32\DriverStore\FileRepository\iigd_dch.inf_amd64_9b53505f87f3498b\igc64.dll
0x00007ffc18300000 - 0x00007ffc18314000 	C:\Users\HP\.openjfx\cache\17.0.2-ea\javafx_font.dll
0x00007ffc42c00000 - 0x00007ffc42e74000 	C:\WINDOWS\SYSTEM32\dwrite.dll
0x00007ffc4c7f0000 - 0x00007ffc4c8a0000 	C:\WINDOWS\System32\clbcatq.dll
0x00007ffc42a50000 - 0x00007ffc42c00000 	C:\WINDOWS\SYSTEM32\WindowsCodecs.dll
0x00007ffc25dc0000 - 0x00007ffc25e1e000 	C:\WINDOWS\system32\dataexchange.dll
0x00007ffc3d690000 - 0x00007ffc3d91f000 	C:\WINDOWS\system32\twinapi.appcore.dll
0x00007ffc3ffb0000 - 0x00007ffc3ffe2000 	C:\Program Files\Common Files\Microsoft Shared\Ink\rtscom.dll
0x00007ffc30400000 - 0x00007ffc3054a000 	C:\WINDOWS\SYSTEM32\textinputframework.dll
0x00007ffc43d60000 - 0x00007ffc43e94000 	C:\WINDOWS\SYSTEM32\CoreMessaging.dll
0x00007ffc3efc0000 - 0x00007ffc3f32c000 	C:\WINDOWS\SYSTEM32\CoreUIComponents.dll
0x00007ffc49df0000 - 0x00007ffc49dfc000 	C:\WINDOWS\SYSTEM32\CRYPTBASE.DLL
0x000002d4f0730000 - 0x000002d4f0734000 	C:\Program Files\Microsoft\jdk-17.0.17.10-hotspot\bin\api-ms-win-crt-locale-l1-1-0.dll
0x000002d4f0740000 - 0x000002d4f0745000 	C:\Program Files\Microsoft\jdk-17.0.17.10-hotspot\bin\api-ms-win-crt-string-l1-1-0.dll
0x000002d4f0750000 - 0x000002d4f0755000 	C:\Program Files\Microsoft\jdk-17.0.17.10-hotspot\bin\api-ms-win-crt-stdio-l1-1-0.dll
0x000002d4f0760000 - 0x000002d4f0766000 	C:\Program Files\Microsoft\jdk-17.0.17.10-hotspot\bin\api-ms-win-crt-math-l1-1-0.dll
0x000002d4f0770000 - 0x000002d4f0774000 	C:\Program Files\Microsoft\jdk-17.0.17.10-hotspot\bin\api-ms-win-crt-heap-l1-1-0.dll
0x000002d4f0780000 - 0x000002d4f0785000 	C:\Program Files\Microsoft\jdk-17.0.17.10-hotspot\bin\api-ms-win-crt-runtime-l1-1-0.dll
0x000002d4f0790000 - 0x000002d4f0795000 	C:\Program Files\Microsoft\jdk-17.0.17.10-hotspot\bin\api-ms-win-crt-convert-l1-1-0.dll
0x000002d4f07a0000 - 0x000002d4f07a4000 	C:\Program Files\Microsoft\jdk-17.0.17.10-hotspot\bin\api-ms-win-crt-environment-l1-1-0.dll

dbghelp: loaded successfully - version: 4.0.5 - missing functions: none
symbol engine: initialized successfully - sym options: 0x614 - pdb path: .;C:\Program Files\Microsoft\jdk-17.0.17.10-hotspot\bin;C:\WINDOWS\SYSTEM32;C:\WINDOWS\WinSxS\amd64_microsoft.windows.common-controls_6595b64144ccf1df_6.0.22621.3235_none_270f74e173860f98;C:\Program Files\Microsoft\jdk-17.0.17.10-hotspot\bin\server;C:\Users\HP\.openjfx\cache\17.0.2-ea;C:\WINDOWS\System32\DriverStore\FileRepository\iigd_dch.inf_amd64_9b53505f87f3498b;C:\Program Files\Common Files\Microsoft Shared\Ink;C:\Users\HP\.javacpp\cache\openblas-0.3.28-1.5.11-windows-x86_64.jar\org\bytedeco\openblas\windows-x86_64;C:\Users\HP\.javacpp\cache\javacpp-1.5.11-windows-x86_64.jar\org\bytedeco\javacpp\windows-x86_64;C:\Users\HP\.javacpp\cache\opencv-4.10.0-1.5.11-windows-x86_64.jar\org\bytedeco\opencv\windows-x86_64

VM Arguments:
jvm_args: --module-path=C:\Users\HP\.m2\repository\org\openjfx\javafx-base\17.0.2\javafx-base-17.0.2-win.jar;C:\Users\HP\.m2\repository\org\openjfx\javafx-base\17.0.2\javafx-base-17.0.2.jar;C:\Users\HP\.m2\repository\org\openjfx\javafx-controls\17.0.2\javafx-controls-17.0.2-win.jar;C:\Users\HP\.m2\repository\org\openjfx\javafx-controls\17.0.2\javafx-controls-17.0.2.jar;C:\Users\HP\.m2\repository\org\openjfx\javafx-fxml\17.0.2\javafx-fxml-17.0.2-win.jar;C:\Users\HP\.m2\repository\org\openjfx\javafx-fxml\17.0.2\javafx-fxml-17.0.2.jar;C:\Users\HP\.m2\repository\org\openjfx\javafx-graphics\17.0.2\javafx-graphics-17.0.2-win.jar;C:\Users\HP\.m2\repository\org\openjfx\javafx-graphics\17.0.2\javafx-graphics-17.0.2.jar --add-modules=javafx.base,javafx.controls,javafx.fxml,javafx.graphics 
java_command: tech.HTECH.ui.AppJavaFX
java_class_path (initial): D:\Dossier Harold\CompFaceModule\target\classes;C:\Users\HP\.m2\repository\ch\qos\logback\logback-classic\1.5.8\logback-classic-1.5.8.jar;C:\Users\HP\.m2\repository\ch\qos\logback\logback-core\1.5.8\logback-core-1.5.8.jar;C:\Users\HP\.m2\repository\net\imagej\ij\1.53f\ij-1.53f.jar;C:\Users\HP\.m2\repository\org\bytedeco\artoolkitplus\2.3.1-1.5.9\artoolkitplus-2.3.1-1.5.9-android-arm.jar;C:\Users\HP\.m2\repository\org\bytedeco\artoolkitplus\2.3.1-1.5.9\artoolkitplus-2.3.1-1.5.9-android-arm64.jar;C:\Users\HP\.m2\repository\org\bytedeco\artoolkitplus\2.3.1-1.5.9\artoolkitplus-2.3.1-1.5.9-android-x86.jar;C:\Users\HP\.m2\repository\org\bytedeco\artoolkitplus\2.3.1-1.5.9\artoolkitplus-2.3.1-1.5.9-android-x86_64.jar;C:\Users\HP\.m2\repository\org\bytedeco\artoolkitplus\2.3.1-1.5.9\artoolkitplus-2.3.1-1.5.9-linux-arm64.jar;C:\Users\HP\.m2\repository\org\bytedeco\artoolkitplus\2.3.1-1.5.9\artoolkitplus-2.3.1-1.5.9-linux-armhf.jar;C:\Users\HP\.m2\repository\org\bytedeco\artoolkitplus\2.3.1-1.5.9\artoolkitplus-2.3.1-1.5.9-linux-ppc64le.jar;C:\Users\HP\.m2\repository\org\bytedeco\artoolkitplus\2.3.1-1.5.9\artoolkitplus-2.3.1-1.5.9-linux-x86.jar;C:\Users\HP\.m2\repository\org\bytedeco\artoolkitplus\2.3.1-1.5.9\artoolkitplus-2.3.1-1.5.9-linux-x86_64.jar;C:\Users\HP\.m2\repository\org\bytedeco\artoolkitplus\2.3.1-1.5.9\artoolkitplus-2.3.1-1.5.9-macosx-x86_64.jar;C:\Users\HP\.m2\repository\org\bytedeco\artoolkitplus\2.3.1-1.5.9\artoolkitplus-2.3.1-1.5.9-windows-x86.jar;C:\Users\HP\.m2\repository\org\bytedeco\artoolkitplus\2.3.1-1.5.9\artoolkitplus-2.3.1-1.5.9-windows-x86_64.jar;C:\Users\HP\.m2\repository\org\bytedeco\artoolkitplus\2.3.1-1.5.9\artoolkitplus-2.3.1-1.5.9.jar;C:\Users\HP\.m2\repository\org\bytedeco\artoolkitplus-platform\2.3.1-1.5.9\artoolkitplus-platform-2.3.1-1.5.9.jar;C:\Users\HP\.m2\repository\org\bytedeco\ffmpeg\7.1-1.5.11\ffmpeg-7.1-1.5.11-android-arm64.jar;C:\Users\HP\.m2\repository\org\bytedeco\ffmpeg\7.1-1.5.11\ffmpeg-7.1-1.5.11-an
Launcher Type: SUN_STANDARD

[Global flags]
     intx CICompilerCount                          = 4                                         {product} {ergonomic}
     uint ConcGCThreads                            = 2                                         {product} {ergonomic}
     uint G1ConcRefinementThreads                  = 8                                         {product} {ergonomic}
   size_t G1HeapRegionSize                         = 1048576                                   {product} {ergonomic}
    uintx GCDrainStackTargetSize                   = 64                                        {product} {ergonomic}
   size_t InitialHeapSize                          = 132120576                                 {product} {ergonomic}
   size_t MarkStackSize                            = 4194304                                   {product} {ergonomic}
   size_t MaxHeapSize                              = 2090860544                                {product} {ergonomic}
   size_t MaxNewSize                               = 1254096896                                {product} {ergonomic}
   size_t MinHeapDeltaBytes                        = 1048576                                   {product} {ergonomic}
   size_t MinHeapSize                              = 8388608                                   {product} {ergonomic}
    uintx NonNMethodCodeHeapSize                   = 5839372                                {pd product} {ergonomic}
    uintx NonProfiledCodeHeapSize                  = 122909434                              {pd product} {ergonomic}
    uintx ProfiledCodeHeapSize                     = 122909434                              {pd product} {ergonomic}
    uintx ReservedCodeCacheSize                    = 251658240                              {pd product} {ergonomic}
     bool SegmentedCodeCache                       = true                                      {product} {ergonomic}
   size_t SoftMaxHeapSize                          = 2090860544                             {manageable} {ergonomic}
     bool UseCompressedClassPointers               = true                           {product lp64_product} {ergonomic}
     bool UseCompressedOops                        = true                           {product lp64_product} {ergonomic}
     bool UseG1GC                                  = true                                      {product} {ergonomic}
     bool UseLargePagesIndividualAllocation        = false                                  {pd product} {ergonomic}

Logging:
Log output configuration:
 #0: stdout all=warning uptime,level,tags
 #1: stderr all=off uptime,level,tags

Environment Variables:
JAVA_HOME=C:\Program Files\Microsoft\jdk-17.0.17.10-hotspot\
PATH=C:\Program Files\Microsoft\jdk-17.0.17.10-hotspot\bin;C:\WINDOWS\system32;C:\WINDOWS;C:\WINDOWS\System32\Wbem;C:\WINDOWS\System32\WindowsPowerShell\v1.0\;C:\WINDOWS\System32\OpenSSH\;C:\Program Files (x86)\dotnet\;C:\Program Files (x86)\HP\HP OCR\DB_Lib\;C:\Program Files\HP\Common\HPDestPlgIn\;C:\Program Files (x86)\HP\Common\HPDestPlgIn\;C:\Program Files\Git\cmd;C:\Program Files\nodejs\;C:\xampp\php;C:\ProgramData\ComposerSetup\bin;C:\Users\HP\AppData\Local\Programs\Python\Python312\Scripts\;C:\Users\HP\AppData\Local\Programs\Python\Python312\;C:\Users\HP\AppData\Local\Programs\Python\Launcher\;C:\Program Files\Microsoft\jdk-17.0.17.10-hotspot\bin;C:\WINDOWS\system32;C:\WINDOWS;C:\WINDOWS\System32\Wbem;C:\WINDOWS\System32\WindowsPowerShell\v1.0\;C:\WINDOWS\System32\OpenSSH\;C:\Program Files (x86)\dotnet\;C:\Program Files (x86)\HP\HP OCR\DB_Lib\;C:\Program Files\HP\Common\HPDestPlgIn\;C:\Program Files (x86)\HP\Common\HPDestPlgIn\;C:\Program Files\Git\cmd;C:\Users\HP\AppData\Local\Microsoft\WindowsApps;C:\Program Files\HP\Common\HPDestPlgIn\;C:\Program Files (x86)\HP\Common\HPDestPlgIn\;C:\Users\HP\AppData\Local\Programs\Antigravity\bin;C:\Users\HP\AppData\Local\Programs\Microsoft VS Code\bin;C:\Program Files\JetBrains\IntelliJ IDEA 2025.3.1.1\bin;E:\CompFaceModule\apache-maven-3.9.9\bin;C:\Program Files (x86)\Apache\apache-maven-3.9.12\bin;C:\Users\HP\AppData\Roaming\npm;C:\Users\HP\AppData\Roaming\Composer\vendor\bin;c:\Users\HP\.antigravity\extensions\ms-python.debugpy-2025.18.0-win32-x64\bundled\scripts\noConfigScripts;c:\Users\HP\.antigravity\extensions\vscjava.vscode-java-debug-0.58.5-universal\bundled\scripts\noConfigScripts
USERNAME=HP
LANG=en_US.UTF-8
OS=Windows_NT
PROCESSOR_IDENTIFIER=Intel64 Family 6 Model 126 Stepping 5, GenuineIntel
TMP=C:\Users\HP\AppData\Local\Temp
TEMP=C:\Users\HP\AppData\Local\Temp



Periodic native trim disabled


---------------  S Y S T E M  ---------------

OS:
 Windows 11 , 64 bit Build 22621 (10.0.22621.3235)
OS uptime: 0 days 10:14 hours

CPU: total 8 (initial active 8) (4 cores per cpu, 2 threads per core) family 6 model 126 stepping 5 microcode 0xa0, cx8, cmov, fxsr, ht, mmx, 3dnowpref, sse, sse2, sse3, ssse3, sse4.1, sse4.2, popcnt, lzcnt, tsc, tscinvbit, avx, avx2, aes, erms, clmul, bmi1, bmi2, adx, avx512f, avx512dq, avx512cd, avx512bw, avx512vl, sha, fma, vzeroupper, avx512_vpopcntdq, avx512_vpclmulqdq, avx512_vaes, avx512_vnni, clflush, clflushopt, avx512_vbmi2, avx512_vbmi
Processor Information for the first 8 processors :
  Max Mhz: 1190, Current Mhz: 991, Mhz Limit: 987

Memory: 4k page, system-wide physical 7973M (771M free)
TotalPageFile size 20510M (AvailPageFile size 19M)
current process WorkingSet (physical memory assigned to process): 321M, peak: 321M
current process commit charge ("private bytes"): 1756M, peak: 1756M

vm_info: OpenJDK 64-Bit Server VM (17.0.17+10-LTS) for windows-amd64 JRE (17.0.17+10-LTS), built on Oct 13 2025 22:19:56 by "MicrosoftCorporation" with unknown MS VC++:1944

END.
